This is pdfTeX, Version 3.141592653-2.6-1.40.25 (TeX Live 2023) (preloaded format=pdflatex 2024.2.13)  21 MAR 2024 18:34
entering extended mode
 restricted \write18 enabled.
 %&-line parsing enabled.
**/Users/nmvg/Documents/GitHub/simple_research_website/yaml_based/rendercv/rendercv_output/Nicholas_Vincent_CV.tex
(/Users/nmvg/Documents/GitHub/simple_research_website/yaml_based/rendercv/rendercv_output/Nicholas_Vincent_CV.tex
LaTeX2e <2023-11-01> patch level 1
L3 programming layer <2024-01-22>
(/Library/Frameworks/Python.framework/Versions/3.12/lib/python3.12/site-packages/rendercv/tinytex-release/TinyTeX/texmf-dist/tex/latex/base/article.cls
Document Class: article 2023/05/17 v1.4n Standard LaTeX document class
(/Library/Frameworks/Python.framework/Versions/3.12/lib/python3.12/site-packages/rendercv/tinytex-release/TinyTeX/texmf-dist/tex/latex/base/size10.clo
File: size10.clo 2023/05/17 v1.4n Standard LaTeX file (size option)
)
\c@part=\count187
\c@section=\count188
\c@subsection=\count189
\c@subsubsection=\count190
\c@paragraph=\count191
\c@subparagraph=\count192
\c@figure=\count193
\c@table=\count194
\abovecaptionskip=\skip48
\belowcaptionskip=\skip49
\bibindent=\dimen140
) (/Library/Frameworks/Python.framework/Versions/3.12/lib/python3.12/site-packages/rendercv/tinytex-release/TinyTeX/texmf-dist/tex/latex/geometry/geometry.sty
Package: geometry 2020/01/02 v5.9 Page Geometry
 (/Library/Frameworks/Python.framework/Versions/3.12/lib/python3.12/site-packages/rendercv/tinytex-release/TinyTeX/texmf-dist/tex/latex/graphics/keyval.sty
Package: keyval 2022/05/29 v1.15 key=value parser (DPC)
\KV@toks@=\toks17
) (/Library/Frameworks/Python.framework/Versions/3.12/lib/python3.12/site-packages/rendercv/tinytex-release/TinyTeX/texmf-dist/tex/generic/iftex/ifvtex.sty
Package: ifvtex 2019/10/25 v1.7 ifvtex legacy package. Use iftex instead.
 (/Library/Frameworks/Python.framework/Versions/3.12/lib/python3.12/site-packages/rendercv/tinytex-release/TinyTeX/texmf-dist/tex/generic/iftex/iftex.sty
Package: iftex 2022/02/03 v1.0f TeX engine tests
))
\Gm@cnth=\count195
\Gm@cntv=\count196
\c@Gm@tempcnt=\count197
\Gm@bindingoffset=\dimen141
\Gm@wd@mp=\dimen142
\Gm@odd@mp=\dimen143
\Gm@even@mp=\dimen144
\Gm@layoutwidth=\dimen145
\Gm@layoutheight=\dimen146
\Gm@layouthoffset=\dimen147
\Gm@layoutvoffset=\dimen148
\Gm@dimlist=\toks18
) (/Library/Frameworks/Python.framework/Versions/3.12/lib/python3.12/site-packages/rendercv/tinytex-release/TinyTeX/texmf-dist/tex/latex/base/latexsym.sty
Package: latexsym 1998/08/17 v2.2e Standard LaTeX package (lasy symbols)
\symlasy=\mathgroup4
LaTeX Font Info:    Overwriting symbol font `lasy' in version `bold'
(Font)                  U/lasy/m/n --> U/lasy/b/n on input line 52.
) (/Library/Frameworks/Python.framework/Versions/3.12/lib/python3.12/site-packages/rendercv/tinytex-release/TinyTeX/texmf-dist/tex/latex/titlesec/titlesec.sty
Package: titlesec 2023/10/27 v2.16 Sectioning titles
\ttl@box=\box51
\beforetitleunit=\skip50
\aftertitleunit=\skip51
\ttl@plus=\dimen149
\ttl@minus=\dimen150
\ttl@toksa=\toks19
\titlewidth=\dimen151
\titlewidthlast=\dimen152
\titlewidthfirst=\dimen153
) (/Library/Frameworks/Python.framework/Versions/3.12/lib/python3.12/site-packages/rendercv/tinytex-release/TinyTeX/texmf-dist/tex/latex/marvosym/marvosym.sty
Package: marvosym 2011/07/20 v2.2 Martin Vogel's Symbols font definitions
) (/Library/Frameworks/Python.framework/Versions/3.12/lib/python3.12/site-packages/rendercv/tinytex-release/TinyTeX/texmf-dist/tex/latex/tools/verbatim.sty
Package: verbatim 2023-11-06 v1.5v LaTeX2e package for verbatim enhancements
\every@verbatim=\toks20
\verbatim@line=\toks21
\verbatim@in@stream=\read2
) (/Library/Frameworks/Python.framework/Versions/3.12/lib/python3.12/site-packages/rendercv/tinytex-release/TinyTeX/texmf-dist/tex/latex/setspace/setspace.sty
Package: setspace 2022/12/04 v6.7b set line spacing
) (/Library/Frameworks/Python.framework/Versions/3.12/lib/python3.12/site-packages/rendercv/tinytex-release/TinyTeX/texmf-dist/tex/latex/xcolor/xcolor.sty
Package: xcolor 2023/11/15 v3.01 LaTeX color extensions (UK)
 (/Library/Frameworks/Python.framework/Versions/3.12/lib/python3.12/site-packages/rendercv/tinytex-release/TinyTeX/texmf-dist/tex/latex/graphics-cfg/color.cfg
File: color.cfg 2016/01/02 v1.6 sample color configuration
)
Package xcolor Info: Driver file: pdftex.def on input line 274.
 (/Library/Frameworks/Python.framework/Versions/3.12/lib/python3.12/site-packages/rendercv/tinytex-release/TinyTeX/texmf-dist/tex/latex/graphics-def/pdftex.def
File: pdftex.def 2022/09/22 v1.2b Graphics/color driver for pdftex
) (/Library/Frameworks/Python.framework/Versions/3.12/lib/python3.12/site-packages/rendercv/tinytex-release/TinyTeX/texmf-dist/tex/latex/graphics/mathcolor.ltx)
Package xcolor Info: Model `cmy' substituted by `cmy0' on input line 1350.
Package xcolor Info: Model `hsb' substituted by `rgb' on input line 1354.
Package xcolor Info: Model `RGB' extended on input line 1366.
Package xcolor Info: Model `HTML' substituted by `rgb' on input line 1368.
Package xcolor Info: Model `Hsb' substituted by `hsb' on input line 1369.
Package xcolor Info: Model `tHsb' substituted by `hsb' on input line 1370.
Package xcolor Info: Model `HSB' substituted by `hsb' on input line 1371.
Package xcolor Info: Model `Gray' substituted by `gray' on input line 1372.
Package xcolor Info: Model `wave' substituted by `hsb' on input line 1373.
) (/Library/Frameworks/Python.framework/Versions/3.12/lib/python3.12/site-packages/rendercv/tinytex-release/TinyTeX/texmf-dist/tex/latex/enumitem/enumitem.sty
Package: enumitem 2019/06/20 v3.9 Customized lists
\labelindent=\skip52
\enit@outerparindent=\dimen154
\enit@toks=\toks22
\enit@inbox=\box52
\enit@count@id=\count198
\enitdp@description=\count199
) (/Library/Frameworks/Python.framework/Versions/3.12/lib/python3.12/site-packages/rendercv/tinytex-release/TinyTeX/texmf-dist/tex/latex/hyperref/hyperref.sty
Package: hyperref 2024-01-20 v7.01h Hypertext links for LaTeX
 (/Library/Frameworks/Python.framework/Versions/3.12/lib/python3.12/site-packages/rendercv/tinytex-release/TinyTeX/texmf-dist/tex/latex/kvsetkeys/kvsetkeys.sty
Package: kvsetkeys 2022-10-05 v1.19 Key value parser (HO)
) (/Library/Frameworks/Python.framework/Versions/3.12/lib/python3.12/site-packages/rendercv/tinytex-release/TinyTeX/texmf-dist/tex/generic/kvdefinekeys/kvdefinekeys.sty
Package: kvdefinekeys 2019-12-19 v1.6 Define keys (HO)
) (/Library/Frameworks/Python.framework/Versions/3.12/lib/python3.12/site-packages/rendercv/tinytex-release/TinyTeX/texmf-dist/tex/generic/pdfescape/pdfescape.sty
Package: pdfescape 2019/12/09 v1.15 Implements pdfTeX's escape features (HO)
 (/Library/Frameworks/Python.framework/Versions/3.12/lib/python3.12/site-packages/rendercv/tinytex-release/TinyTeX/texmf-dist/tex/generic/ltxcmds/ltxcmds.sty
Package: ltxcmds 2023-12-04 v1.26 LaTeX kernel commands for general use (HO)
) (/Library/Frameworks/Python.framework/Versions/3.12/lib/python3.12/site-packages/rendercv/tinytex-release/TinyTeX/texmf-dist/tex/generic/pdftexcmds/pdftexcmds.sty
Package: pdftexcmds 2020-06-27 v0.33 Utility functions of pdfTeX for LuaTeX (HO)
 (/Library/Frameworks/Python.framework/Versions/3.12/lib/python3.12/site-packages/rendercv/tinytex-release/TinyTeX/texmf-dist/tex/generic/infwarerr/infwarerr.sty
Package: infwarerr 2019/12/03 v1.5 Providing info/warning/error messages (HO)
)
Package pdftexcmds Info: \pdf@primitive is available.
Package pdftexcmds Info: \pdf@ifprimitive is available.
Package pdftexcmds Info: \pdfdraftmode found.
)) (/Library/Frameworks/Python.framework/Versions/3.12/lib/python3.12/site-packages/rendercv/tinytex-release/TinyTeX/texmf-dist/tex/latex/hycolor/hycolor.sty
Package: hycolor 2020-01-27 v1.10 Color options for hyperref/bookmark (HO)
) (/Library/Frameworks/Python.framework/Versions/3.12/lib/python3.12/site-packages/rendercv/tinytex-release/TinyTeX/texmf-dist/tex/latex/auxhook/auxhook.sty
Package: auxhook 2019-12-17 v1.6 Hooks for auxiliary files (HO)
) (/Library/Frameworks/Python.framework/Versions/3.12/lib/python3.12/site-packages/rendercv/tinytex-release/TinyTeX/texmf-dist/tex/latex/hyperref/nameref.sty
Package: nameref 2023-11-26 v2.56 Cross-referencing by name of section
 (/Library/Frameworks/Python.framework/Versions/3.12/lib/python3.12/site-packages/rendercv/tinytex-release/TinyTeX/texmf-dist/tex/latex/refcount/refcount.sty
Package: refcount 2019/12/15 v3.6 Data extraction from label references (HO)
) (/Library/Frameworks/Python.framework/Versions/3.12/lib/python3.12/site-packages/rendercv/tinytex-release/TinyTeX/texmf-dist/tex/generic/gettitlestring/gettitlestring.sty
Package: gettitlestring 2019/12/15 v1.6 Cleanup title references (HO)
 (/Library/Frameworks/Python.framework/Versions/3.12/lib/python3.12/site-packages/rendercv/tinytex-release/TinyTeX/texmf-dist/tex/latex/kvoptions/kvoptions.sty
Package: kvoptions 2022-06-15 v3.15 Key value format for package options (HO)
))
\c@section@level=\count266
) (/Library/Frameworks/Python.framework/Versions/3.12/lib/python3.12/site-packages/rendercv/tinytex-release/TinyTeX/texmf-dist/tex/latex/etoolbox/etoolbox.sty
Package: etoolbox 2020/10/05 v2.5k e-TeX tools for LaTeX (JAW)
\etb@tempcnta=\count267
)
\@linkdim=\dimen155
\Hy@linkcounter=\count268
\Hy@pagecounter=\count269
 (/Library/Frameworks/Python.framework/Versions/3.12/lib/python3.12/site-packages/rendercv/tinytex-release/TinyTeX/texmf-dist/tex/latex/hyperref/pd1enc.def
File: pd1enc.def 2024-01-20 v7.01h Hyperref: PDFDocEncoding definition (HO)
Now handling font encoding PD1 ...
... no UTF-8 mapping file for font encoding PD1
) (/Library/Frameworks/Python.framework/Versions/3.12/lib/python3.12/site-packages/rendercv/tinytex-release/TinyTeX/texmf-dist/tex/generic/intcalc/intcalc.sty
Package: intcalc 2019/12/15 v1.3 Expandable calculations with integers (HO)
)
\Hy@SavedSpaceFactor=\count270
 (/Library/Frameworks/Python.framework/Versions/3.12/lib/python3.12/site-packages/rendercv/tinytex-release/TinyTeX/texmf-dist/tex/latex/hyperref/puenc.def
File: puenc.def 2024-01-20 v7.01h Hyperref: PDF Unicode definition (HO)
Now handling font encoding PU ...
... no UTF-8 mapping file for font encoding PU
)
Package hyperref Info: Hyper figures OFF on input line 4179.
Package hyperref Info: Link nesting OFF on input line 4184.
Package hyperref Info: Hyper index ON on input line 4187.
Package hyperref Info: Plain pages OFF on input line 4194.
Package hyperref Info: Backreferencing OFF on input line 4199.
Package hyperref Info: Implicit mode ON; LaTeX internals redefined.
Package hyperref Info: Bookmarks ON on input line 4446.
\c@Hy@tempcnt=\count271
 (/Library/Frameworks/Python.framework/Versions/3.12/lib/python3.12/site-packages/rendercv/tinytex-release/TinyTeX/texmf-dist/tex/latex/url/url.sty
\Urlmuskip=\muskip16
Package: url 2013/09/16  ver 3.4  Verb mode for urls, etc.
)
LaTeX Info: Redefining \url on input line 4784.
\XeTeXLinkMargin=\dimen156
 (/Library/Frameworks/Python.framework/Versions/3.12/lib/python3.12/site-packages/rendercv/tinytex-release/TinyTeX/texmf-dist/tex/generic/bitset/bitset.sty
Package: bitset 2019/12/09 v1.3 Handle bit-vector datatype (HO)
 (/Library/Frameworks/Python.framework/Versions/3.12/lib/python3.12/site-packages/rendercv/tinytex-release/TinyTeX/texmf-dist/tex/generic/bigintcalc/bigintcalc.sty
Package: bigintcalc 2019/12/15 v1.5 Expandable calculations on big integers (HO)
))
\Fld@menulength=\count272
\Field@Width=\dimen157
\Fld@charsize=\dimen158
Package hyperref Info: Hyper figures OFF on input line 6063.
Package hyperref Info: Link nesting OFF on input line 6068.
Package hyperref Info: Hyper index ON on input line 6071.
Package hyperref Info: backreferencing OFF on input line 6078.
Package hyperref Info: Link coloring OFF on input line 6083.
Package hyperref Info: Link coloring with OCG OFF on input line 6088.
Package hyperref Info: PDF/A mode OFF on input line 6093.
 (/Library/Frameworks/Python.framework/Versions/3.12/lib/python3.12/site-packages/rendercv/tinytex-release/TinyTeX/texmf-dist/tex/latex/base/atbegshi-ltx.sty
Package: atbegshi-ltx 2021/01/10 v1.0c Emulation of the original atbegshi
package with kernel methods
)
\Hy@abspage=\count273
\c@Item=\count274
\c@Hfootnote=\count275
)
Package hyperref Info: Driver (autodetected): hpdftex.
 (/Library/Frameworks/Python.framework/Versions/3.12/lib/python3.12/site-packages/rendercv/tinytex-release/TinyTeX/texmf-dist/tex/latex/hyperref/hpdftex.def
File: hpdftex.def 2024-01-20 v7.01h Hyperref driver for pdfTeX
 (/Library/Frameworks/Python.framework/Versions/3.12/lib/python3.12/site-packages/rendercv/tinytex-release/TinyTeX/texmf-dist/tex/latex/base/atveryend-ltx.sty
Package: atveryend-ltx 2020/08/19 v1.0a Emulation of the original atveryend package
with kernel methods
)
\Fld@listcount=\count276
\c@bookmark@seq@number=\count277
 (/Library/Frameworks/Python.framework/Versions/3.12/lib/python3.12/site-packages/rendercv/tinytex-release/TinyTeX/texmf-dist/tex/latex/rerunfilecheck/rerunfilecheck.sty
Package: rerunfilecheck 2022-07-10 v1.10 Rerun checks for auxiliary files (HO)
 (/Library/Frameworks/Python.framework/Versions/3.12/lib/python3.12/site-packages/rendercv/tinytex-release/TinyTeX/texmf-dist/tex/generic/uniquecounter/uniquecounter.sty
Package: uniquecounter 2019/12/15 v1.4 Provide unlimited unique counter (HO)
)
Package uniquecounter Info: New unique counter `rerunfilecheck' on input line 285.
)
\Hy@SectionHShift=\skip53
) (/Library/Frameworks/Python.framework/Versions/3.12/lib/python3.12/site-packages/rendercv/tinytex-release/TinyTeX/texmf-dist/tex/latex/fancyhdr/fancyhdr.sty
Package: fancyhdr 2022/11/09 v4.1 Extensive control of page headers and footers
\f@nch@headwidth=\skip54
\f@nch@O@elh=\skip55
\f@nch@O@erh=\skip56
\f@nch@O@olh=\skip57
\f@nch@O@orh=\skip58
\f@nch@O@elf=\skip59
\f@nch@O@erf=\skip60
\f@nch@O@olf=\skip61
\f@nch@O@orf=\skip62
) (/Library/Frameworks/Python.framework/Versions/3.12/lib/python3.12/site-packages/rendercv/tinytex-release/TinyTeX/texmf-dist/tex/generic/babel/babel.sty
Package: babel 2024/02/07 v24.2 The Babel package
\babel@savecnt=\count278
\U@D=\dimen159
\l@unhyphenated=\language6
 (/Library/Frameworks/Python.framework/Versions/3.12/lib/python3.12/site-packages/rendercv/tinytex-release/TinyTeX/texmf-dist/tex/generic/babel/txtbabel.def)
\bbl@readstream=\read3
\bbl@dirlevel=\count279
 (/Library/Frameworks/Python.framework/Versions/3.12/lib/python3.12/site-packages/rendercv/tinytex-release/TinyTeX/texmf-dist/tex/generic/babel-english/english.ldf
Language: english 2017/06/06 v3.3r English support from the babel system
Package babel Info: Hyphen rules for 'british' set to \l@english
(babel)             (\language0). Reported on input line 82.
Package babel Info: Hyphen rules for 'UKenglish' set to \l@english
(babel)             (\language0). Reported on input line 83.
Package babel Info: Hyphen rules for 'canadian' set to \l@english
(babel)             (\language0). Reported on input line 102.
Package babel Info: Hyphen rules for 'australian' set to \l@english
(babel)             (\language0). Reported on input line 105.
Package babel Info: Hyphen rules for 'newzealand' set to \l@english
(babel)             (\language0). Reported on input line 108.
)) (/Library/Frameworks/Python.framework/Versions/3.12/lib/python3.12/site-packages/rendercv/tinytex-release/TinyTeX/texmf-dist/tex/latex/tools/tabularx.sty
Package: tabularx 2023/07/08 v2.11c `tabularx' package (DPC)
 (/Library/Frameworks/Python.framework/Versions/3.12/lib/python3.12/site-packages/rendercv/tinytex-release/TinyTeX/texmf-dist/tex/latex/tools/array.sty
Package: array 2023/10/16 v2.5g Tabular extension package (FMi)
\col@sep=\dimen160
\ar@mcellbox=\box53
\extrarowheight=\dimen161
\NC@list=\toks23
\extratabsurround=\skip63
\backup@length=\skip64
\ar@cellbox=\box54
)
\TX@col@width=\dimen162
\TX@old@table=\dimen163
\TX@old@col=\dimen164
\TX@target=\dimen165
\TX@delta=\dimen166
\TX@cols=\count280
\TX@ftn=\toks24
) (/Library/Frameworks/Python.framework/Versions/3.12/lib/python3.12/site-packages/rendercv/tinytex-release/TinyTeX/texmf-dist/tex/latex/base/ifthen.sty
Package: ifthen 2022/04/13 v1.1d Standard LaTeX ifthen package (DPC)
) (/Library/Frameworks/Python.framework/Versions/3.12/lib/python3.12/site-packages/rendercv/tinytex-release/TinyTeX/texmf-dist/tex/latex/fontawesome5/fontawesome5.sty (/Library/Frameworks/Python.framework/Versions/3.12/lib/python3.12/site-packages/rendercv/tinytex-release/TinyTeX/texmf-dist/tex/latex/l3kernel/expl3.sty
Package: expl3 2024-01-22 L3 programming layer (loader) 
 (/Library/Frameworks/Python.framework/Versions/3.12/lib/python3.12/site-packages/rendercv/tinytex-release/TinyTeX/texmf-dist/tex/latex/l3backend/l3backend-pdftex.def
File: l3backend-pdftex.def 2024-01-04 L3 backend support: PDF output (pdfTeX)
\l__color_backend_stack_int=\count281
\l__pdf_internal_box=\box55
))
Package: fontawesome5 2022/05/02 v5.15.4 Font Awesome 5
 (/Library/Frameworks/Python.framework/Versions/3.12/lib/python3.12/site-packages/rendercv/tinytex-release/TinyTeX/texmf-dist/tex/latex/l3packages/l3keys2e/l3keys2e.sty
Package: l3keys2e 2023-10-10 LaTeX2e option processing using LaTeX3 keys
) (/Library/Frameworks/Python.framework/Versions/3.12/lib/python3.12/site-packages/rendercv/tinytex-release/TinyTeX/texmf-dist/tex/latex/l3packages/xparse/xparse.sty
Package: xparse 2023-10-10 L3 Experimental document command parser
) (/Library/Frameworks/Python.framework/Versions/3.12/lib/python3.12/site-packages/rendercv/tinytex-release/TinyTeX/texmf-dist/tex/latex/fontawesome5/fontawesome5-generic-helper.sty
Package: fontawesome5-generic-helper 2022/05/02 v5.15.4 non-uTeX helper for fontawesome5
 (/Library/Frameworks/Python.framework/Versions/3.12/lib/python3.12/site-packages/rendercv/tinytex-release/TinyTeX/texmf-dist/tex/latex/fontawesome5/fontawesome5-mapping.def))) (/Library/Frameworks/Python.framework/Versions/3.12/lib/python3.12/site-packages/rendercv/tinytex-release/TinyTeX/texmf-dist/tex/latex/tools/calc.sty
Package: calc 2023/07/08 v4.3 Infix arithmetic (KKT,FJ)
\calc@Acount=\count282
\calc@Bcount=\count283
\calc@Adimen=\dimen167
\calc@Bdimen=\dimen168
\calc@Askip=\skip65
\calc@Bskip=\skip66
LaTeX Info: Redefining \setlength on input line 80.
LaTeX Info: Redefining \addtolength on input line 81.
\calc@Ccount=\count284
\calc@Cskip=\skip67
) (/Library/Frameworks/Python.framework/Versions/3.12/lib/python3.12/site-packages/rendercv/tinytex-release/TinyTeX/texmf-dist/tex/latex/eso-pic/eso-pic.sty
Package: eso-pic 2023/05/03 v3.0c eso-pic (RN)
\ESO@tempdima=\dimen169
\ESO@tempdimb=\dimen170
) (/Library/Frameworks/Python.framework/Versions/3.12/lib/python3.12/site-packages/rendercv/tinytex-release/TinyTeX/texmf-dist/tex/latex/lastpage/lastpage.sty
Package: lastpage 2023/10/14 v2.0e lastpage: 2.09 or 2e? (HMM)
 (/Library/Frameworks/Python.framework/Versions/3.12/lib/python3.12/site-packages/rendercv/tinytex-release/TinyTeX/texmf-dist/tex/latex/lastpage/lastpage2e.sty
Package: lastpage2e 2023/10/14 v2.0e Decide which 2e lastpage version to use (HMM)
 (/Library/Frameworks/Python.framework/Versions/3.12/lib/python3.12/site-packages/rendercv/tinytex-release/TinyTeX/texmf-dist/tex/latex/lastpage/lastpagemodern.sty
Package: lastpagemodern 2023-10-14 v2.0e Refers to last page's name (HMM; JPG)
\c@lastpagecount=\count285
) 
)) (/Library/Frameworks/Python.framework/Versions/3.12/lib/python3.12/site-packages/rendercv/tinytex-release/TinyTeX/texmf-dist/tex/generic/pdftex/glyphtounicode.tex) (./Nicholas_Vincent_CV.aux)
\openout1 = `Nicholas_Vincent_CV.aux'.

LaTeX Font Info:    Checking defaults for OML/cmm/m/it on input line 132.
LaTeX Font Info:    ... okay on input line 132.
LaTeX Font Info:    Checking defaults for OMS/cmsy/m/n on input line 132.
LaTeX Font Info:    ... okay on input line 132.
LaTeX Font Info:    Checking defaults for OT1/cmr/m/n on input line 132.
LaTeX Font Info:    ... okay on input line 132.
LaTeX Font Info:    Checking defaults for T1/cmr/m/n on input line 132.
LaTeX Font Info:    ... okay on input line 132.
LaTeX Font Info:    Checking defaults for TS1/cmr/m/n on input line 132.
LaTeX Font Info:    ... okay on input line 132.
LaTeX Font Info:    Checking defaults for OMX/cmex/m/n on input line 132.
LaTeX Font Info:    ... okay on input line 132.
LaTeX Font Info:    Checking defaults for U/cmr/m/n on input line 132.
LaTeX Font Info:    ... okay on input line 132.
LaTeX Font Info:    Checking defaults for PD1/pdf/m/n on input line 132.
LaTeX Font Info:    ... okay on input line 132.
LaTeX Font Info:    Checking defaults for PU/pdf/m/n on input line 132.
LaTeX Font Info:    ... okay on input line 132.

*geometry* driver: auto-detecting
*geometry* detected driver: pdftex
*geometry* verbose mode - [ preamble ] result:
* driver: pdftex
* paper: letterpaper
* layout: <same size as paper>
* layoutoffset:(h,v)=(0.0pt,0.0pt)
* modes: 
* h-part:(L,W,R)=(56.9055pt, 500.484pt, 56.9055pt)
* v-part:(T,H,B)=(56.9055pt, 681.15898pt, 56.9055pt)
* \paperwidth=614.295pt
* \paperheight=794.96999pt
* \textwidth=500.484pt
* \textheight=681.15898pt
* \oddsidemargin=-15.36449pt
* \evensidemargin=-15.36449pt
* \topmargin=-52.36449pt
* \headheight=12.0pt
* \headsep=25.0pt
* \topskip=0.0pt
* \footskip=28.45274pt
* \marginparwidth=65.0pt
* \marginparsep=11.0pt
* \columnsep=10.0pt
* \skip\footins=9.0pt plus 4.0pt minus 2.0pt
* \hoffset=0.0pt
* \voffset=0.0pt
* \mag=1000
* \@twocolumnfalse
* \@twosidefalse
* \@mparswitchfalse
* \@reversemarginfalse
* (1in=72.27pt=25.4mm, 1cm=28.453pt)

Package hyperref Info: Link coloring OFF on input line 132.
(./Nicholas_Vincent_CV.out) (./Nicholas_Vincent_CV.out)
\@outlinefile=\write3
\openout3 = `Nicholas_Vincent_CV.out'.



LaTeX Font Warning: Font shape `OT1/cmr/bx/n' in size <30> not available
(Font)              size <24.88> substituted on input line 139.

LaTeX Font Info:    Trying to load font information for U+fontawesomefree1 on input line 145.
(/Library/Frameworks/Python.framework/Versions/3.12/lib/python3.12/site-packages/rendercv/tinytex-release/TinyTeX/texmf-dist/tex/latex/fontawesome5/ufontawesomefree1.fd)
LaTeX Font Info:    Trying to load font information for U+fontawesomefree2 on input line 147.
 (/Library/Frameworks/Python.framework/Versions/3.12/lib/python3.12/site-packages/rendercv/tinytex-release/TinyTeX/texmf-dist/tex/latex/fontawesome5/ufontawesomefree2.fd) (/Library/Frameworks/Python.framework/Versions/3.12/lib/python3.12/site-packages/rendercv/tinytex-release/TinyTeX/texmf-dist/tex/latex/base/ulasy.fd)
Overfull \hbox (2.20917pt too wide) in paragraph at lines 174--175
[][]  
 []


Overfull \hbox (4.43138pt too wide) in paragraph at lines 179--180
[][]   
 []


Overfull \hbox (4.43138pt too wide) in paragraph at lines 192--193
[][]   
 []

LaTeX Font Info:    External font `cmex10' loaded for size
(Font)              <9> on input line 195.
LaTeX Font Info:    External font `cmex10' loaded for size
(Font)              <6> on input line 195.

Overfull \hbox (4.43138pt too wide) in paragraph at lines 201--202
[][]   
 []


Overfull \hbox (4.43138pt too wide) in paragraph at lines 214--215
[][]   
 []


Overfull \hbox (4.43138pt too wide) in paragraph at lines 221--222
[][]   
 []


Overfull \hbox (4.43138pt too wide) in paragraph at lines 228--229
[][]   
 []


Overfull \hbox (4.43138pt too wide) in paragraph at lines 235--236
[][]   
 []


Overfull \hbox (4.43138pt too wide) in paragraph at lines 242--243
[][]   
 []

[1

{/Library/Frameworks/Python.framework/Versions/3.12/lib/python3.12/site-packages/rendercv/tinytex-release/TinyTeX/texmf-var/fonts/map/pdftex/updmap/pdftex.map}{/Library/Frameworks/Python.framework/Versions/3.12/lib/python3.12/site-packages/rendercv/tinytex-release/TinyTeX/texmf-dist/fonts/enc/dvips/fontawesome5/fa5free1.enc}{/Library/Frameworks/Python.framework/Versions/3.12/lib/python3.12/site-packages/rendercv/tinytex-release/TinyTeX/texmf-dist/fonts/enc/dvips/fontawesome5/fa5free2.enc}]
Overfull \hbox (4.43138pt too wide) in paragraph at lines 249--250
[][]   
 []


Overfull \hbox (4.43138pt too wide) in paragraph at lines 256--257
[][]   
 []


Overfull \hbox (4.43138pt too wide) in paragraph at lines 263--264
[][]   
 []


Overfull \hbox (4.43138pt too wide) in paragraph at lines 270--271
[][]   
 []


Overfull \hbox (4.43138pt too wide) in paragraph at lines 277--278
[][]   
 []


Overfull \hbox (4.43138pt too wide) in paragraph at lines 284--285
[][]   
 []


Overfull \hbox (4.43138pt too wide) in paragraph at lines 291--292
[][]   
 []


Overfull \hbox (4.43138pt too wide) in paragraph at lines 298--299
[][]   
 []


Overfull \hbox (4.43138pt too wide) in paragraph at lines 305--306
[][]   
 []


Overfull \hbox (4.43138pt too wide) in paragraph at lines 312--313
[][]   
 []


Overfull \hbox (4.43138pt too wide) in paragraph at lines 319--320
[][]   
 []

[2]
Overfull \hbox (4.43138pt too wide) in paragraph at lines 331--332
[][]   
 []


Overfull \hbox (4.43138pt too wide) in paragraph at lines 338--339
[][]   
 []


Overfull \hbox (4.43138pt too wide) in paragraph at lines 345--346
[][]   
 []


Overfull \hbox (4.43138pt too wide) in paragraph at lines 352--353
[][]   
 []


Overfull \hbox (4.43138pt too wide) in paragraph at lines 359--360
[][]   
 []


Overfull \hbox (4.43138pt too wide) in paragraph at lines 366--367
[][]   
 []


Overfull \hbox (4.43138pt too wide) in paragraph at lines 378--379
[][]   
 []


Overfull \hbox (4.43138pt too wide) in paragraph at lines 385--386
[][]   
 []


Overfull \hbox (4.43138pt too wide) in paragraph at lines 392--393
[][]   
 []


Overfull \hbox (2.20917pt too wide) in paragraph at lines 404--405
[][]  
 []


Overfull \hbox (2.20917pt too wide) in paragraph at lines 409--410
[][]  
 []


Overfull \hbox (2.20917pt too wide) in paragraph at lines 414--415
[][]  
 []


Overfull \hbox (4.43138pt too wide) in paragraph at lines 419--420
[][]   
 []


Overfull \hbox (4.43138pt too wide) in paragraph at lines 427--428
[][]   
 []

[3]
Overfull \hbox (4.43138pt too wide) in paragraph at lines 439--440
[][]   
 []


Overfull \hbox (4.43138pt too wide) in paragraph at lines 446--447
[][]   
 []


Overfull \hbox (4.43138pt too wide) in paragraph at lines 453--454
[][]   
 []


Overfull \hbox (4.43138pt too wide) in paragraph at lines 465--466
[][]   
 []


Overfull \hbox (4.43138pt too wide) in paragraph at lines 472--473
[][]   
 []


Overfull \hbox (2.20917pt too wide) in paragraph at lines 479--480
[][]  
 []


Overfull \hbox (4.43138pt too wide) in paragraph at lines 483--484
[][]   
 []


Overfull \hbox (2.20917pt too wide) in paragraph at lines 495--496
[][]  
 []


Overfull \hbox (2.20917pt too wide) in paragraph at lines 499--500
[][]  
 []


Overfull \hbox (2.20917pt too wide) in paragraph at lines 503--504
[][]  
 []


Overfull \hbox (2.20917pt too wide) in paragraph at lines 507--508
[][]  
 []


Overfull \hbox (2.20917pt too wide) in paragraph at lines 511--512
[][]  
 []


Overfull \hbox (2.20917pt too wide) in paragraph at lines 515--516
[][]  
 []


Overfull \hbox (2.20917pt too wide) in paragraph at lines 519--520
[][]  
 []

[4] 
enddocument/afterlastpage: lastpage setting LastPage.
(./Nicholas_Vincent_CV.aux)
 ***********
LaTeX2e <2023-11-01> patch level 1
L3 programming layer <2024-01-22>
 ***********


LaTeX Font Warning: Size substitutions with differences
(Font)              up to 5.12pt have occurred.

Package rerunfilecheck Info: File `Nicholas_Vincent_CV.out' has not changed.
(rerunfilecheck)             Checksum: E532E0750AA4463CEB3271492B9D5AA1;1372.
 ) 
Here is how much of TeX's memory you used:
 14499 strings out of 476161
 264500 string characters out of 5790867
 1955978 words of memory out of 5000000
 36321 multiletter control sequences out of 15000+600000
 564855 words of font info for 61 fonts, out of 8000000 for 9000
 14 hyphenation exceptions out of 8191
 75i,11n,79p,465b,701s stack positions out of 10000i,1000n,20000p,200000b,200000s
 </Library/Frameworks/Python.framework/Versions/3.12/lib/python3.12/site-packages/rendercv/tinytex-release/TinyTeX/texmf-var/fonts/pk/ljfour/jknappen/ec/tcrm0900.600pk> </Library/Frameworks/Python.framework/Versions/3.12/lib/python3.12/site-packages/rendercv/tinytex-release/TinyTeX/texmf-var/fonts/pk/ljfour/jknappen/ec/tcrm1000.600pk></Library/Frameworks/Python.framework/Versions/3.12/lib/python3.12/site-packages/rendercv/tinytex-release/TinyTeX/texmf-dist/fonts/type1/public/fontawesome5/FontAwesome5Free-Regular.pfb></Library/Frameworks/Python.framework/Versions/3.12/lib/python3.12/site-packages/rendercv/tinytex-release/TinyTeX/texmf-dist/fonts/type1/public/fontawesome5/FontAwesome5Free-Solid.pfb></Library/Frameworks/Python.framework/Versions/3.12/lib/python3.12/site-packages/rendercv/tinytex-release/TinyTeX/texmf-dist/fonts/type1/public/amsfonts/cm/cmbx10.pfb></Library/Frameworks/Python.framework/Versions/3.12/lib/python3.12/site-packages/rendercv/tinytex-release/TinyTeX/texmf-dist/fonts/type1/public/amsfonts/cm/cmbx12.pfb></Library/Frameworks/Python.framework/Versions/3.12/lib/python3.12/site-packages/rendercv/tinytex-release/TinyTeX/texmf-dist/fonts/type1/public/amsfonts/cm/cmcsc10.pfb></Library/Frameworks/Python.framework/Versions/3.12/lib/python3.12/site-packages/rendercv/tinytex-release/TinyTeX/texmf-dist/fonts/type1/public/amsfonts/cm/cmr9.pfb></Library/Frameworks/Python.framework/Versions/3.12/lib/python3.12/site-packages/rendercv/tinytex-release/TinyTeX/texmf-dist/fonts/type1/public/amsfonts/cm/cmsy10.pfb></Library/Frameworks/Python.framework/Versions/3.12/lib/python3.12/site-packages/rendercv/tinytex-release/TinyTeX/texmf-dist/fonts/type1/public/amsfonts/cm/cmsy9.pfb></Library/Frameworks/Python.framework/Versions/3.12/lib/python3.12/site-packages/rendercv/tinytex-release/TinyTeX/texmf-dist/fonts/type1/public/amsfonts/cm/cmti9.pfb>
Output written on Nicholas_Vincent_CV.pdf (4 pages, 165387 bytes).
PDF statistics:
 199 PDF objects out of 1000 (max. 8388607)
 132 compressed objects within 2 object streams
 16 named destinations out of 1000 (max. 500000)
 89 words of extra memory for PDF output out of 10000 (max. 10000000)

